<?xml version="1.0" encoding="UTF-8"?>
<!-- Generated by org.testng.reporters.JUnitXMLReporter -->
<testsuite hostname="DESKTOP-21167EL" ignored="1" name="zerodha functional regression test" tests="6" failures="1" timestamp="11 Mar 2021 17:12:29 GMT" time="28.399" errors="0">
  <testcase name="dologinTest" time="0.688" classname="com.qa.zeerodha.PagesTest.LoginpageTest"/>
  <testcase name="gettitleTest" time="0.018" classname="com.qa.zeerodha.PagesTest.LoginpageTest">
    <failure type="java.lang.AssertionError" message="not match expected [Dashboard / Kite] but found [Kite - Zerodha&amp;apos;s fast and elegant flagship trading platform]">
      <![CDATA[java.lang.AssertionError: not match expected [Dashboard / Kite] but found [Kite - Zerodha's fast and elegant flagship trading platform]
at com.qa.zeerodha.PagesTest.LoginpageTest.gettitleTest(LoginpageTest.java:39)
... Removed 30 stack frames]]>
    </failure>
  </testcase> <!-- gettitleTest -->
  <testcase name="applinkTest" time="0.144" classname="com.qa.zeerodha.PagesTest.HomepageTest"/>
  <testcase name="gettitle" time="0.018" classname="com.qa.zeerodha.PagesTest.HomepageTest"/>
  <testcase name="orderlinkTest" time="0.178" classname="com.qa.zeerodha.PagesTest.HomepageTest"/>
  <testcase name="sellqntyTest" time="0.854" classname="com.qa.zeerodha.PagesTest.HomepageTest"/>
  <testcase name="userbtTest" time="0.0" classname="com.qa.zeerodha.PagesTest.HomepageTest">
    <ignored/>
  </testcase> <!-- userbtTest -->
</testsuite> <!-- zerodha functional regression test -->
